<?xml version="1.0" encoding="UTF-8"?>
<!-- Generated by org.testng.reporters.JUnitReportReporter -->
<testsuite hostname="DESKTOP-E7SSQUU" failures="0" tests="3" name="seleniumGrid.ParallelTest" time="182.150" errors="0" timestamp="2025-10-30T22:01:21 IST" skipped="0">
  <testcase classname="seleniumGrid.ParallelTest" name="crossBrowserTest" time="34.293"/>
  <testcase classname="seleniumGrid.ParallelTest" name="crossBrowserTest" time="55.968"/>
  <testcase classname="seleniumGrid.ParallelTest" name="crossBrowserTest" time="91.889"/>
</testsuite> <!-- seleniumGrid.ParallelTest -->
